app/build/intermediates/manifest_merge_blame_file/debug/manifest-merger-blame-debug-report.txt
1<?xml version="1.0" encoding="utf-8"?>
2<manifest xmlns:android="http://schemas.android.com/apk/res/android"
3    package="com.example.elderlyguardian"
4    android:versionCode="1"
5    android:versionName="1.0" >
6
7    <uses-sdk
8        android:minSdkVersion="26"
9        android:targetSdkVersion="34" />
10
11    <uses-permission android:name="android.permission.RECORD_AUDIO" />
11-->src/main/AndroidManifest.xml:5:5-71
11-->src/main/AndroidManifest.xml:5:22-68
12    <uses-permission android:name="android.permission.ACCESS_FINE_LOCATION" />
12-->src/main/AndroidManifest.xml:6:5-79
12-->src/main/AndroidManifest.xml:6:22-76
13    <uses-permission android:name="android.permission.CALL_PHONE" />
13-->src/main/AndroidManifest.xml:7:5-69
13-->src/main/AndroidManifest.xml:7:22-66
14    <uses-permission android:name="android.permission.INTERNET" />
14-->src/main/AndroidManifest.xml:8:5-67
14-->src/main/AndroidManifest.xml:8:22-64
15    <uses-permission android:name="android.permission.ACCESS_NETWORK_STATE" />
15-->src/main/AndroidManifest.xml:9:5-79
15-->src/main/AndroidManifest.xml:9:22-76
16    <uses-permission android:name="android.permission.SEND_SMS" />
16-->src/main/AndroidManifest.xml:10:5-67
16-->src/main/AndroidManifest.xml:10:22-64
17    <uses-permission android:name="android.permission.ACTIVITY_RECOGNITION" />
17-->src/main/AndroidManifest.xml:11:5-79
17-->src/main/AndroidManifest.xml:11:22-76
18    <uses-permission android:name="android.permission.WAKE_LOCK" />
18-->src/main/AndroidManifest.xml:12:5-68
18-->src/main/AndroidManifest.xml:12:22-65
19    <uses-permission android:name="android.permission.FOREGROUND_SERVICE" />
19-->src/main/AndroidManifest.xml:13:5-77
19-->src/main/AndroidManifest.xml:13:22-74
20    <uses-permission android:name="android.permission.RECEIVE_BOOT_COMPLETED" />
20-->src/main/AndroidManifest.xml:14:5-81
20-->src/main/AndroidManifest.xml:14:22-78
21    <uses-permission android:name="android.permission.USE_FULL_SCREEN_INTENT" />
21-->src/main/AndroidManifest.xml:15:5-81
21-->src/main/AndroidManifest.xml:15:22-78
22    <uses-permission android:name="android.permission.WRITE_EXTERNAL_STORAGE" />
22-->src/main/AndroidManifest.xml:16:5-81
22-->src/main/AndroidManifest.xml:16:22-78
23    <uses-permission android:name="android.permission.READ_EXTERNAL_STORAGE" />
23-->src/main/AndroidManifest.xml:17:5-80
23-->src/main/AndroidManifest.xml:17:22-77
24    <uses-permission android:name="android.permission.VIBRATE" />
24-->src/main/AndroidManifest.xml:18:5-66
24-->src/main/AndroidManifest.xml:18:22-63
25    <uses-permission android:name="android.permission.SCHEDULE_EXACT_ALARM" />
25-->src/main/AndroidManifest.xml:19:5-79
25-->src/main/AndroidManifest.xml:19:22-76
26    <uses-permission android:name="android.permission.USE_EXACT_ALARM" />
26-->src/main/AndroidManifest.xml:20:5-74
26-->src/main/AndroidManifest.xml:20:22-71
27    <uses-permission android:name="android.permission.DISABLE_KEYGUARD" />
27-->src/main/AndroidManifest.xml:21:5-75
27-->src/main/AndroidManifest.xml:21:22-72
28    <uses-permission android:name="android.permission.SYSTEM_ALERT_WINDOW" />
28-->src/main/AndroidManifest.xml:22:5-78
28-->src/main/AndroidManifest.xml:22:22-75
29    <uses-permission android:name="android.permission.REQUEST_IGNORE_BATTERY_OPTIMIZATIONS" />
29-->src/main/AndroidManifest.xml:23:5-95
29-->src/main/AndroidManifest.xml:23:22-92
30    <uses-permission android:name="android.permission.FOREGROUND_SERVICE_MEDIA_PLAYBACK" />
30-->src/main/AndroidManifest.xml:24:5-92
30-->src/main/AndroidManifest.xml:24:22-89
31    <uses-permission android:name="android.permission.POST_NOTIFICATIONS" />
31-->src/main/AndroidManifest.xml:25:5-77
31-->src/main/AndroidManifest.xml:25:22-74
32    <uses-permission android:name="android.permission.EXPAND_STATUS_BAR" />
32-->src/main/AndroidManifest.xml:26:5-76
32-->src/main/AndroidManifest.xml:26:22-73
33
34    <permission
34-->[androidx.core:core:1.12.0] AndroidManifest.xml:22:5-24:47
35        android:name="com.example.elderlyguardian.DYNAMIC_RECEIVER_NOT_EXPORTED_PERMISSION"
35-->[androidx.core:core:1.12.0] AndroidManifest.xml:23:9-81
36        android:protectionLevel="signature" />
36-->[androidx.core:core:1.12.0] AndroidManifest.xml:24:9-44
37
38    <uses-permission android:name="com.example.elderlyguardian.DYNAMIC_RECEIVER_NOT_EXPORTED_PERMISSION" />
38-->[androidx.core:core:1.12.0] AndroidManifest.xml:26:5-97
38-->[androidx.core:core:1.12.0] AndroidManifest.xml:26:22-94
39
40    <application
40-->src/main/AndroidManifest.xml:28:5-83:19
41        android:allowBackup="true"
41-->src/main/AndroidManifest.xml:29:9-35
42        android:appComponentFactory="androidx.core.app.CoreComponentFactory"
42-->[androidx.core:core:1.12.0] AndroidManifest.xml:28:18-86
43        android:debuggable="true"
44        android:extractNativeLibs="false"
45        android:icon="@mipmap/ic_launcher"
45-->src/main/AndroidManifest.xml:30:9-43
46        android:label="@string/app_name"
46-->src/main/AndroidManifest.xml:31:9-41
47        android:supportsRtl="true"
47-->src/main/AndroidManifest.xml:32:9-35
48        android:theme="@style/Theme.ElderlyGuardian" >
48-->src/main/AndroidManifest.xml:33:9-53
49        <activity
49-->src/main/AndroidManifest.xml:35:9-45:20
50            android:name="com.example.elderlyguardian.MainActivity"
50-->src/main/AndroidManifest.xml:36:13-41
51            android:exported="true"
51-->src/main/AndroidManifest.xml:37:13-36
52            android:label="@string/app_name"
52-->src/main/AndroidManifest.xml:38:13-45
53            android:theme="@style/Theme.ElderlyGuardian" >
53-->src/main/AndroidManifest.xml:39:13-57
54            <intent-filter>
54-->src/main/AndroidManifest.xml:40:13-44:29
55                <action android:name="android.intent.action.MAIN" />
55-->src/main/AndroidManifest.xml:41:17-69
55-->src/main/AndroidManifest.xml:41:25-66
56
57                <category android:name="android.intent.category.LAUNCHER" />
57-->src/main/AndroidManifest.xml:43:17-77
57-->src/main/AndroidManifest.xml:43:27-74
58            </intent-filter>
59        </activity>
60
61        <service
61-->src/main/AndroidManifest.xml:46:9-49:74
62            android:name="com.example.elderlyguardian.services.VoiceMonitoringService"
62-->src/main/AndroidManifest.xml:47:13-60
63            android:exported="false"
63-->src/main/AndroidManifest.xml:48:13-37
64            android:foregroundServiceType="mediaProjection|microphone" />
64-->src/main/AndroidManifest.xml:49:13-71
65        <service
65-->src/main/AndroidManifest.xml:50:9-53:56
66            android:name="com.example.elderlyguardian.services.FallDetectionService"
66-->src/main/AndroidManifest.xml:51:13-58
67            android:exported="false"
67-->src/main/AndroidManifest.xml:52:13-37
68            android:foregroundServiceType="location" />
68-->src/main/AndroidManifest.xml:53:13-53
69
70        <receiver
70-->src/main/AndroidManifest.xml:54:9-61:20
71            android:name="com.example.elderlyguardian.receivers.BootReceiver"
71-->src/main/AndroidManifest.xml:55:13-51
72            android:enabled="true"
72-->src/main/AndroidManifest.xml:57:13-35
73            android:exported="true" >
73-->src/main/AndroidManifest.xml:56:13-36
74            <intent-filter>
74-->src/main/AndroidManifest.xml:58:13-60:29
75                <action android:name="android.intent.action.BOOT_COMPLETED" />
75-->src/main/AndroidManifest.xml:59:17-79
75-->src/main/AndroidManifest.xml:59:25-76
76            </intent-filter>
77        </receiver>
78        <receiver
78-->src/main/AndroidManifest.xml:62:9-64:40
79            android:name="com.example.elderlyguardian.receivers.MedicationReminderReceiver"
79-->src/main/AndroidManifest.xml:63:13-65
80            android:exported="false" />
80-->src/main/AndroidManifest.xml:64:13-37
81        <receiver
81-->src/main/AndroidManifest.xml:65:9-67:40
82            android:name="com.example.elderlyguardian.receivers.ScamDetectionReceiver"
82-->src/main/AndroidManifest.xml:66:13-60
83            android:exported="false" />
83-->src/main/AndroidManifest.xml:67:13-37
84
85        <service
85-->src/main/AndroidManifest.xml:68:9-71:56
86            android:name="com.example.elderlyguardian.services.MedicationReminderService"
86-->src/main/AndroidManifest.xml:69:13-63
87            android:exported="false"
87-->src/main/AndroidManifest.xml:70:13-37
88            android:foregroundServiceType="dataSync" />
88-->src/main/AndroidManifest.xml:71:13-53
89
90        <activity
90-->src/main/AndroidManifest.xml:72:9-82:77
91            android:name="com.example.elderlyguardian.services.MedicationAlarmActivity"
91-->src/main/AndroidManifest.xml:73:13-61
92            android:configChanges="orientation|screenSize|keyboardHidden"
92-->src/main/AndroidManifest.xml:82:13-74
93            android:excludeFromRecents="true"
93-->src/main/AndroidManifest.xml:77:13-46
94            android:exported="false"
94-->src/main/AndroidManifest.xml:74:13-37
95            android:launchMode="singleInstance"
95-->src/main/AndroidManifest.xml:78:13-48
96            android:showOnLockScreen="true"
96-->src/main/AndroidManifest.xml:75:13-44
97            android:taskAffinity=""
97-->src/main/AndroidManifest.xml:79:13-36
98            android:theme="@style/Theme.ElderlyGuardian.FullScreen"
98-->src/main/AndroidManifest.xml:80:13-68
99            android:turnScreenOn="true"
99-->src/main/AndroidManifest.xml:76:13-40
100            android:windowSoftInputMode="stateAlwaysHidden" />
100-->src/main/AndroidManifest.xml:81:13-60
101        <activity
101-->[androidx.compose.ui:ui-test-manifest:1.5.0] AndroidManifest.xml:23:9-25:39
102            android:name="androidx.activity.ComponentActivity"
102-->[androidx.compose.ui:ui-test-manifest:1.5.0] AndroidManifest.xml:24:13-63
103            android:exported="true" />
103-->[androidx.compose.ui:ui-test-manifest:1.5.0] AndroidManifest.xml:25:13-36
104        <activity
104-->[androidx.compose.ui:ui-tooling-android:1.5.0] AndroidManifest.xml:23:9-25:39
105            android:name="androidx.compose.ui.tooling.PreviewActivity"
105-->[androidx.compose.ui:ui-tooling-android:1.5.0] AndroidManifest.xml:24:13-71
106            android:exported="true" />
106-->[androidx.compose.ui:ui-tooling-android:1.5.0] AndroidManifest.xml:25:13-36
107
108        <provider
108-->[androidx.emoji2:emoji2:1.4.0] AndroidManifest.xml:24:9-32:20
109            android:name="androidx.startup.InitializationProvider"
109-->[androidx.emoji2:emoji2:1.4.0] AndroidManifest.xml:25:13-67
110            android:authorities="com.example.elderlyguardian.androidx-startup"
110-->[androidx.emoji2:emoji2:1.4.0] AndroidManifest.xml:26:13-68
111            android:exported="false" >
111-->[androidx.emoji2:emoji2:1.4.0] AndroidManifest.xml:27:13-37
112            <meta-data
112-->[androidx.emoji2:emoji2:1.4.0] AndroidManifest.xml:29:13-31:52
113                android:name="androidx.emoji2.text.EmojiCompatInitializer"
113-->[androidx.emoji2:emoji2:1.4.0] AndroidManifest.xml:30:17-75
114                android:value="androidx.startup" />
114-->[androidx.emoji2:emoji2:1.4.0] AndroidManifest.xml:31:17-49
115            <meta-data
115-->[androidx.lifecycle:lifecycle-process:2.6.2] AndroidManifest.xml:29:13-31:52
116                android:name="androidx.lifecycle.ProcessLifecycleInitializer"
116-->[androidx.lifecycle:lifecycle-process:2.6.2] AndroidManifest.xml:30:17-78
117                android:value="androidx.startup" />
117-->[androidx.lifecycle:lifecycle-process:2.6.2] AndroidManifest.xml:31:17-49
118            <meta-data
118-->[androidx.profileinstaller:profileinstaller:1.3.0] AndroidManifest.xml:29:13-31:52
119                android:name="androidx.profileinstaller.ProfileInstallerInitializer"
119-->[androidx.profileinstaller:profileinstaller:1.3.0] AndroidManifest.xml:30:17-85
120                android:value="androidx.startup" />
120-->[androidx.profileinstaller:profileinstaller:1.3.0] AndroidManifest.xml:31:17-49
121        </provider>
122
123        <receiver
123-->[androidx.profileinstaller:profileinstaller:1.3.0] AndroidManifest.xml:34:9-52:20
124            android:name="androidx.profileinstaller.ProfileInstallReceiver"
124-->[androidx.profileinstaller:profileinstaller:1.3.0] AndroidManifest.xml:35:13-76
125            android:directBootAware="false"
125-->[androidx.profileinstaller:profileinstaller:1.3.0] AndroidManifest.xml:36:13-44
126            android:enabled="true"
126-->[androidx.profileinstaller:profileinstaller:1.3.0] AndroidManifest.xml:37:13-35
127            android:exported="true"
127-->[androidx.profileinstaller:profileinstaller:1.3.0] AndroidManifest.xml:38:13-36
128            android:permission="android.permission.DUMP" >
128-->[androidx.profileinstaller:profileinstaller:1.3.0] AndroidManifest.xml:39:13-57
129            <intent-filter>
129-->[androidx.profileinstaller:profileinstaller:1.3.0] AndroidManifest.xml:40:13-42:29
130                <action android:name="androidx.profileinstaller.action.INSTALL_PROFILE" />
130-->[androidx.profileinstaller:profileinstaller:1.3.0] AndroidManifest.xml:41:17-91
130-->[androidx.profileinstaller:profileinstaller:1.3.0] AndroidManifest.xml:41:25-88
131            </intent-filter>
132            <intent-filter>
132-->[androidx.profileinstaller:profileinstaller:1.3.0] AndroidManifest.xml:43:13-45:29
133                <action android:name="androidx.profileinstaller.action.SKIP_FILE" />
133-->[androidx.profileinstaller:profileinstaller:1.3.0] AndroidManifest.xml:44:17-85
133-->[androidx.profileinstaller:profileinstaller:1.3.0] AndroidManifest.xml:44:25-82
134            </intent-filter>
135            <intent-filter>
135-->[androidx.profileinstaller:profileinstaller:1.3.0] AndroidManifest.xml:46:13-48:29
136                <action android:name="androidx.profileinstaller.action.SAVE_PROFILE" />
136-->[androidx.profileinstaller:profileinstaller:1.3.0] AndroidManifest.xml:47:17-88
136-->[androidx.profileinstaller:profileinstaller:1.3.0] AndroidManifest.xml:47:25-85
137            </intent-filter>
138            <intent-filter>
138-->[androidx.profileinstaller:profileinstaller:1.3.0] AndroidManifest.xml:49:13-51:29
139                <action android:name="androidx.profileinstaller.action.BENCHMARK_OPERATION" />
139-->[androidx.profileinstaller:profileinstaller:1.3.0] AndroidManifest.xml:50:17-95
139-->[androidx.profileinstaller:profileinstaller:1.3.0] AndroidManifest.xml:50:25-92
140            </intent-filter>
141        </receiver>
142    </application>
143
144</manifest>